[gwenyth.smartpixel.id/index.html]
[backblue.gif]
[fade.gif]
[index.html]
[gwenyth.smartpixel.id/assets/images/logo/logo.png]
[gwenyth.smartpixel.id/assets/css/bootstrap.css]
[maxcdn.bootstrapcdn.com/font-awesome/4.6.3/css/font-awesome.min.css]
[gwenyth.smartpixel.id/assets/css/main.css]
[gwenyth.smartpixel.id/assets/css/normalize.css]
[gwenyth.smartpixel.id/assets/css/responsive.css]
[gwenyth.smartpixel.id/assets/images/logo/logo2.png]
[gwenyth.smartpixel.id/assets/images/03_about.jpg]
[gwenyth.smartpixel.id/assets/images/06_porto.jpg]
[gwenyth.smartpixel.id/assets/images/07_porto.jpg]
[gwenyth.smartpixel.id/assets/images/08_porto.jpg]
[gwenyth.smartpixel.id/assets/images/09_porto.jpg]
[gwenyth.smartpixel.id/assets/images/10_porto.jpg]
[gwenyth.smartpixel.id/assets/images/11_porto.jpg]
[gwenyth.smartpixel.id/assets/images/12_porto.jpg]
[gwenyth.smartpixel.id/assets/images/13_porto.jpg]
[gwenyth.smartpixel.id/assets/images/14_porto.jpg]
[gwenyth.smartpixel.id/assets/js/jquery.min.js]
[gwenyth.smartpixel.id/assets/js/jquery.mixitup.min.js]
[gwenyth.smartpixel.id/assets/js/bootstrap.min.js]
[gwenyth.smartpixel.id/assets/js/typed-custom.js]
[gwenyth.smartpixel.id/assets/js/wow.min.js]
[gwenyth.smartpixel.id/index.html]
[gwenyth.smartpixel.id/assets/js/main.js]
[gwenyth.smartpixel.id/assets/fonts/glyphicons-halflings-regular.eot]
[gwenyth.smartpixel.id/assets/fonts/glyphicons-halflings-regulard41d.eot]
[gwenyth.smartpixel.id/assets/fonts/glyphicons-halflings-regular.woff2]
[gwenyth.smartpixel.id/assets/fonts/glyphicons-halflings-regular.woff]
[gwenyth.smartpixel.id/assets/fonts/glyphicons-halflings-regular.ttf]
[gwenyth.smartpixel.id/assets/fonts/glyphicons-halflings-regular.svg]
[gwenyth.smartpixel.id/assets/css/bootstrap.css]
[maxcdn.bootstrapcdn.com/font-awesome/4.6.3/css/font-awesome.min.css]
[srdjanpajdic.com/slike/2.1d.delayed]
[gwenyth.smartpixel.id/assets/images/02_banner.jpg]
[gwenyth.smartpixel.id/assets/images/04_facts.jpg]
[gwenyth.smartpixel.id/assets/images/svg/cd-icon-arrow.svg]
[gwenyth.smartpixel.id/assets/images/svg/cd-icon-filter.svg]
[gwenyth.smartpixel.id/assets/images/05_quote.jpg]
[gwenyth.smartpixel.id/assets/images/17_name.png]
[gwenyth.smartpixel.id/assets/images/16_email.png]
[gwenyth.smartpixel.id/assets/images/15_comment.png]
[gwenyth.smartpixel.id/assets/css/main.css]
[gwenyth.smartpixel.id/assets/css/normalize.css]
[gwenyth.smartpixel.id/assets/css/responsive.css]
[gwenyth.smartpixel.id/assets/fonts/glyphicons-halflings-regular.html]
[gwenyth.smartpixel.id/assets/fonts/glyphicons-halflings-regulard41d.html]
[gwenyth.smartpixel.id/assets/fonts/glyphicons-halflings-regular-2.html]
[gwenyth.smartpixel.id/assets/fonts/glyphicons-halflings-regular-3.html]
[gwenyth.smartpixel.id/assets/fonts/glyphicons-halflings-regular-4.html]
[gwenyth.smartpixel.id/assets/fonts/glyphicons-halflings-regular-5.html]
[srdjanpajdic.com/slike/2.html]
[gwenyth.smartpixel.id/assets/images/svg/cd-icon-arrow.svg]
[gwenyth.smartpixel.id/assets/images/svg/cd-icon-filter.svg]
